core   0: 0x00001000 (0x00000297) auipc   t0, 0x0
core   0: 3 0x00001000 (0x00000297) x5  0x00001000
core   0: 0x00001004 (0x02028593) addi    a1, t0, 32
core   0: 3 0x00001004 (0x02028593) x11 0x00001020
core   0: 0x00001008 (0xf1402573) csrr    a0, mhartid
core   0: 3 0x00001008 (0xf1402573) x10 0x00000000
core   0: 0x0000100c (0x0182a283) lw      t0, 24(t0)
core   0: 3 0x0000100c (0x0182a283) x5  0x80000000 mem 0x00001018
core   0: 0x00001010 (0x00028067) jr      t0
core   0: 3 0x00001010 (0x00028067)
core   0: 0x80000000 (0x00001517) auipc   a0, 0x1
core   0: 3 0x80000000 (0x00001517) x10 0x80001000
core   0: 0x80000004 (0x00050513) mv      a0, a0
core   0: 3 0x80000004 (0x00050513) x10 0x80001000
core   0: 0x80000008 (0x00052503) lw      a0, 0(a0)
core   0: 3 0x80000008 (0x00052503) x10 0x00000005 mem 0x80001000
core   0: 0x8000000c (0x014000ef) jal     pc + 0x14
core   0: 3 0x8000000c (0x014000ef) x1  0x80000010
core   0: 0x80000020 (0xff810113) addi    sp, sp, -8
core   0: 3 0x80000020 (0xff810113) x2  0xfffffff8
core   0: 0x80000024 (0x00a12223) sw      a0, 4(sp)
core   0: 3 0x80000024 (0x00a12223) mem 0xfffffffc 0x00000005
core   0: 0x80000028 (0x00112023) sw      ra, 0(sp)
core   0: 3 0x80000028 (0x00112023) mem 0xfffffff8 0x80000010
core   0: 0x8000002c (0x00100293) li      t0, 1
core   0: 3 0x8000002c (0x00100293) x5  0x00000001
core   0: 0x80000030 (0x00a2c863) blt     t0, a0, pc + 16
core   0: 3 0x80000030 (0x00a2c863)
core   0: 0x80000040 (0xfff50513) addi    a0, a0, -1
core   0: 3 0x80000040 (0xfff50513) x10 0x00000004
core   0: 0x80000044 (0xfddff0ef) jal     pc - 0x24
core   0: 3 0x80000044 (0xfddff0ef) x1  0x80000048
core   0: 0x80000020 (0xff810113) addi    sp, sp, -8
core   0: 3 0x80000020 (0xff810113) x2  0xfffffff0
core   0: 0x80000024 (0x00a12223) sw      a0, 4(sp)
core   0: 3 0x80000024 (0x00a12223) mem 0xfffffff4 0x00000004
core   0: 0x80000028 (0x00112023) sw      ra, 0(sp)
core   0: 3 0x80000028 (0x00112023) mem 0xfffffff0 0x80000048
core   0: 0x8000002c (0x00100293) li      t0, 1
core   0: 3 0x8000002c (0x00100293) x5  0x00000001
core   0: 0x80000030 (0x00a2c863) blt     t0, a0, pc + 16
core   0: 3 0x80000030 (0x00a2c863)
core   0: 0x80000040 (0xfff50513) addi    a0, a0, -1
core   0: 3 0x80000040 (0xfff50513) x10 0x00000003
core   0: 0x80000044 (0xfddff0ef) jal     pc - 0x24
core   0: 3 0x80000044 (0xfddff0ef) x1  0x80000048
core   0: 0x80000020 (0xff810113) addi    sp, sp, -8
core   0: 3 0x80000020 (0xff810113) x2  0xffffffe8
core   0: 0x80000024 (0x00a12223) sw      a0, 4(sp)
core   0: 3 0x80000024 (0x00a12223) mem 0xffffffec 0x00000003
core   0: 0x80000028 (0x00112023) sw      ra, 0(sp)
core   0: 3 0x80000028 (0x00112023) mem 0xffffffe8 0x80000048
core   0: 0x8000002c (0x00100293) li      t0, 1
core   0: 3 0x8000002c (0x00100293) x5  0x00000001
core   0: 0x80000030 (0x00a2c863) blt     t0, a0, pc + 16
core   0: 3 0x80000030 (0x00a2c863)
core   0: 0x80000040 (0xfff50513) addi    a0, a0, -1
core   0: 3 0x80000040 (0xfff50513) x10 0x00000002
core   0: 0x80000044 (0xfddff0ef) jal     pc - 0x24
core   0: 3 0x80000044 (0xfddff0ef) x1  0x80000048
core   0: 0x80000020 (0xff810113) addi    sp, sp, -8
core   0: 3 0x80000020 (0xff810113) x2  0xffffffe0
core   0: 0x80000024 (0x00a12223) sw      a0, 4(sp)
core   0: 3 0x80000024 (0x00a12223) mem 0xffffffe4 0x00000002
core   0: 0x80000028 (0x00112023) sw      ra, 0(sp)
core   0: 3 0x80000028 (0x00112023) mem 0xffffffe0 0x80000048
core   0: 0x8000002c (0x00100293) li      t0, 1
core   0: 3 0x8000002c (0x00100293) x5  0x00000001
core   0: 0x80000030 (0x00a2c863) blt     t0, a0, pc + 16
core   0: 3 0x80000030 (0x00a2c863)
core   0: 0x80000040 (0xfff50513) addi    a0, a0, -1
core   0: 3 0x80000040 (0xfff50513) x10 0x00000001
core   0: 0x80000044 (0xfddff0ef) jal     pc - 0x24
core   0: 3 0x80000044 (0xfddff0ef) x1  0x80000048
core   0: 0x80000020 (0xff810113) addi    sp, sp, -8
core   0: 3 0x80000020 (0xff810113) x2  0xffffffd8
core   0: 0x80000024 (0x00a12223) sw      a0, 4(sp)
core   0: 3 0x80000024 (0x00a12223) mem 0xffffffdc 0x00000001
core   0: 0x80000028 (0x00112023) sw      ra, 0(sp)
core   0: 3 0x80000028 (0x00112023) mem 0xffffffd8 0x80000048
core   0: 0x8000002c (0x00100293) li      t0, 1
core   0: 3 0x8000002c (0x00100293) x5  0x00000001
core   0: 0x80000030 (0x00a2c863) blt     t0, a0, pc + 16
core   0: 3 0x80000030 (0x00a2c863)
core   0: 0x80000034 (0x00100513) li      a0, 1
core   0: 3 0x80000034 (0x00100513) x10 0x00000001
core   0: 0x80000038 (0x00810113) addi    sp, sp, 8
core   0: 3 0x80000038 (0x00810113) x2  0xffffffe0
core   0: 0x8000003c (0x00008067) ret
core   0: 3 0x8000003c (0x00008067)
core   0: 0x80000048 (0x00012083) lw      ra, 0(sp)
core   0: 3 0x80000048 (0x00012083) x1  0x80000048 mem 0xffffffe0
core   0: 0x8000004c (0x00412303) lw      t1, 4(sp)
core   0: 3 0x8000004c (0x00412303) x6  0x00000002 mem 0xffffffe4
core   0: 0x80000050 (0x00810113) addi    sp, sp, 8
core   0: 3 0x80000050 (0x00810113) x2  0xffffffe8
core   0: 0x80000054 (0x02a30533) mul     a0, t1, a0
core   0: 3 0x80000054 (0x02a30533) x10 0x00000002
core   0: 0x80000058 (0x00008067) ret
core   0: 3 0x80000058 (0x00008067)
core   0: 0x80000048 (0x00012083) lw      ra, 0(sp)
core   0: 3 0x80000048 (0x00012083) x1  0x80000048 mem 0xffffffe8
core   0: 0x8000004c (0x00412303) lw      t1, 4(sp)
core   0: 3 0x8000004c (0x00412303) x6  0x00000003 mem 0xffffffec
core   0: 0x80000050 (0x00810113) addi    sp, sp, 8
core   0: 3 0x80000050 (0x00810113) x2  0xfffffff0
core   0: 0x80000054 (0x02a30533) mul     a0, t1, a0
core   0: 3 0x80000054 (0x02a30533) x10 0x00000006
core   0: 0x80000058 (0x00008067) ret
core   0: 3 0x80000058 (0x00008067)
core   0: 0x80000048 (0x00012083) lw      ra, 0(sp)
core   0: 3 0x80000048 (0x00012083) x1  0x80000048 mem 0xfffffff0
core   0: 0x8000004c (0x00412303) lw      t1, 4(sp)
core   0: 3 0x8000004c (0x00412303) x6  0x00000004 mem 0xfffffff4
core   0: 0x80000050 (0x00810113) addi    sp, sp, 8
core   0: 3 0x80000050 (0x00810113) x2  0xfffffff8
core   0: 0x80000054 (0x02a30533) mul     a0, t1, a0
core   0: 3 0x80000054 (0x02a30533) x10 0x00000018
core   0: 0x80000058 (0x00008067) ret
core   0: 3 0x80000058 (0x00008067)
core   0: 0x80000048 (0x00012083) lw      ra, 0(sp)
core   0: 3 0x80000048 (0x00012083) x1  0x80000010 mem 0xfffffff8
core   0: 0x8000004c (0x00412303) lw      t1, 4(sp)
core   0: 3 0x8000004c (0x00412303) x6  0x00000005 mem 0xfffffffc
core   0: 0x80000050 (0x00810113) addi    sp, sp, 8
core   0: 3 0x80000050 (0x00810113) x2  0x00000000
core   0: 0x80000054 (0x02a30533) mul     a0, t1, a0
core   0: 3 0x80000054 (0x02a30533) x10 0x00000078
core   0: 0x80000058 (0x00008067) ret
core   0: 3 0x80000058 (0x00008067)
core   0: 0x80000010 (0x00001417) auipc   s0, 0x1
core   0: 3 0x80000010 (0x00001417) x8  0x80001010
core   0: 0x80000014 (0xff440413) addi    s0, s0, -12
core   0: 3 0x80000014 (0xff440413) x8  0x80001004
core   0: 0x80000018 (0x00a42023) sw      a0, 0(s0)
core   0: 3 0x80000018 (0x00a42023) mem 0x80001004 0x00000078
core   0: 0x8000001c (0x7ed0006f) j       pc + 0xfec
core   0: 3 0x8000001c (0x7ed0006f)
core   0: 0x80001008 (0x00100093) li      ra, 1
core   0: 3 0x80001008 (0x00100093) x1  0x00000001
core   0: 0x8000100c (0x00001f17) auipc   t5, 0x1
core   0: 3 0x8000100c (0x00001f17) x30 0x8000200c
core   0: 0x80001010 (0xfe1f2a23) sw      ra, -12(t5)
core   0: 3 0x80001010 (0xfe1f2a23) mem 0x80002000 0x00000001
core   0: 0x80001014 (0x00000000) c.unimp
core   0: exception trap_illegal_instruction, epc 0x80001014
core   0:           tval 0x00000000
